TAP version 13
# Subtest: flow inspectability: every semantic node type resolves evidence lineage
ok 1 - flow inspectability: every semantic node type resolves evidence lineage
  ---
  duration_ms: 0.779725
  type: 'test'
  ...
# Subtest: flow snapshot replay: serialize/restore keeps positions and visibility
ok 2 - flow snapshot replay: serialize/restore keeps positions and visibility
  ---
  duration_ms: 1.233289
  type: 'test'
  ...
1..2
# tests 2
# suites 0
# pass 2
# fail 0
# cancelled 0
# skipped 0
# todo 0
# duration_ms 33.619139
