CHECKLIST35 step3 deterministic layout + selection sync
date=2026-03-06T16:08:08Z
command=corepack pnpm --filter @art/local-stores run test

> @art/local-stores@0.2.0 test /home/art/Art/packages/local-stores
> npm run build && node --test test/*.test.mjs


> @art/local-stores@0.2.0 build
> tsc -p tsconfig.json

TAP version 13
# Subtest: flow inspectability: every semantic node type resolves evidence lineage
ok 1 - flow inspectability: every semantic node type resolves evidence lineage
  ---
  duration_ms: 0.644876
  type: 'test'
  ...
# Subtest: local-stores: cache and dna lookup
ok 2 - local-stores: cache and dna lookup
  ---
  duration_ms: 1.205435
  type: 'test'
  ...
# Subtest: local-stores: spatial SoA contract + binary chunk persist/load roundtrip
ok 3 - local-stores: spatial SoA contract + binary chunk persist/load roundtrip
  ---
  duration_ms: 0.464549
  type: 'test'
  ...
# Subtest: local-stores: spatial picking uses grid index without full scan
ok 4 - local-stores: spatial picking uses grid index without full scan
  ---
  duration_ms: 1.691103
  type: 'test'
  ...
# Subtest: local-stores: deterministic layout and 2D<->3D selection sync
ok 5 - local-stores: deterministic layout and 2D<->3D selection sync
  ---
  duration_ms: 0.493223
  type: 'test'
  ...
# Subtest: local-stores: analytics summary returns charts and instructions
ok 6 - local-stores: analytics summary returns charts and instructions
  ---
  duration_ms: 4.283762
  type: 'test'
  ...
# Subtest: local-stores: sensitive payload fields are redacted before cache/index use
ok 7 - local-stores: sensitive payload fields are redacted before cache/index use
  ---
  duration_ms: 0.146725
  type: 'test'
  ...
# Subtest: local-stores: lineage trace path event -> evidence -> claim -> investigation
ok 8 - local-stores: lineage trace path event -> evidence -> claim -> investigation
  ---
  duration_ms: 0.103123
  type: 'test'
  ...
# Subtest: local-stores: investigation parser/serializer produce deterministic canonical output
ok 9 - local-stores: investigation parser/serializer produce deterministic canonical output
  ---
  duration_ms: 0.233476
  type: 'test'
  ...
# Subtest: local-stores: parser rejects investigation doc with missing required fields
ok 10 - local-stores: parser rejects investigation doc with missing required fields
  ---
  duration_ms: 0.330879
  type: 'test'
  ...
# Subtest: local-stores: fork/replay/compare investigation docs integration
ok 11 - local-stores: fork/replay/compare investigation docs integration
  ---
  duration_ms: 0.447126
  type: 'test'
  ...
# Subtest: local-stores: backward compatibility for investigation docs keeps replay operable
ok 12 - local-stores: backward compatibility for investigation docs keeps replay operable
  ---
  duration_ms: 0.195596
  type: 'test'
  ...
# Subtest: local-stores: LRC compiles runbook into condition graph and marks invalid steps
ok 13 - local-stores: LRC compiles runbook into condition graph and marks invalid steps
  ---
  duration_ms: 0.126216
  type: 'test'
  ...
# Subtest: local-stores: investigation library cycle import -> list -> verify -> replay
ok 14 - local-stores: investigation library cycle import -> list -> verify -> replay
  ---
  duration_ms: 0.177381
  type: 'test'
  ...
# Subtest: local-stores: investigation doc replay keeps attached audit proof refs
ok 15 - local-stores: investigation doc replay keeps attached audit proof refs
  ---
  duration_ms: 0.095098
  type: 'test'
  ...
1..15
# tests 15
# suites 0
# pass 15
# fail 0
# cancelled 0
# skipped 0
# todo 0
# duration_ms 44.395623
