CHECKLIST35 step1 spatial contract
date=2026-03-06T16:05:45Z
command=corepack pnpm --filter @art/local-stores run test

> @art/local-stores@0.2.0 test /home/art/Art/packages/local-stores
> npm run build && node --test test/*.test.mjs


> @art/local-stores@0.2.0 build
> tsc -p tsconfig.json

TAP version 13
# Subtest: flow inspectability: every semantic node type resolves evidence lineage
ok 1 - flow inspectability: every semantic node type resolves evidence lineage
  ---
  duration_ms: 0.622003
  type: 'test'
  ...
# Subtest: local-stores: cache and dna lookup
ok 2 - local-stores: cache and dna lookup
  ---
  duration_ms: 1.470259
  type: 'test'
  ...
# Subtest: local-stores: spatial SoA contract + binary chunk persist/load roundtrip
ok 3 - local-stores: spatial SoA contract + binary chunk persist/load roundtrip
  ---
  duration_ms: 0.492271
  type: 'test'
  ...
# Subtest: local-stores: analytics summary returns charts and instructions
ok 4 - local-stores: analytics summary returns charts and instructions
  ---
  duration_ms: 4.301723
  type: 'test'
  ...
# Subtest: local-stores: sensitive payload fields are redacted before cache/index use
ok 5 - local-stores: sensitive payload fields are redacted before cache/index use
  ---
  duration_ms: 0.162624
  type: 'test'
  ...
# Subtest: local-stores: lineage trace path event -> evidence -> claim -> investigation
ok 6 - local-stores: lineage trace path event -> evidence -> claim -> investigation
  ---
  duration_ms: 0.426528
  type: 'test'
  ...
# Subtest: local-stores: investigation parser/serializer produce deterministic canonical output
ok 7 - local-stores: investigation parser/serializer produce deterministic canonical output
  ---
  duration_ms: 0.260668
  type: 'test'
  ...
# Subtest: local-stores: parser rejects investigation doc with missing required fields
ok 8 - local-stores: parser rejects investigation doc with missing required fields
  ---
  duration_ms: 0.258002
  type: 'test'
  ...
# Subtest: local-stores: fork/replay/compare investigation docs integration
ok 9 - local-stores: fork/replay/compare investigation docs integration
  ---
  duration_ms: 0.355394
  type: 'test'
  ...
# Subtest: local-stores: backward compatibility for investigation docs keeps replay operable
ok 10 - local-stores: backward compatibility for investigation docs keeps replay operable
  ---
  duration_ms: 0.285684
  type: 'test'
  ...
# Subtest: local-stores: LRC compiles runbook into condition graph and marks invalid steps
ok 11 - local-stores: LRC compiles runbook into condition graph and marks invalid steps
  ---
  duration_ms: 0.272179
  type: 'test'
  ...
# Subtest: local-stores: investigation library cycle import -> list -> verify -> replay
ok 12 - local-stores: investigation library cycle import -> list -> verify -> replay
  ---
  duration_ms: 0.26216
  type: 'test'
  ...
# Subtest: local-stores: investigation doc replay keeps attached audit proof refs
ok 13 - local-stores: investigation doc replay keeps attached audit proof refs
  ---
  duration_ms: 0.166962
  type: 'test'
  ...
1..13
# tests 13
# suites 0
# pass 13
# fail 0
# cancelled 0
# skipped 0
# todo 0
# duration_ms 46.188727
